<?xml version="1.0" encoding="UTF-8"?>
<testng-results ignored="0" total="1" passed="1" failed="0" skipped="0">
  <reporter-output>
  </reporter-output>
  <suite started-at="2024-02-28T17:07:59 IST" name="Default suite" finished-at="2024-02-28T17:08:13 IST" duration-ms="13503">
    <groups>
    </groups>
    <test started-at="2024-02-28T17:07:59 IST" name="Default test" finished-at="2024-02-28T17:08:13 IST" duration-ms="13503">
      <class name="testScripts.LoginPageTest">
        <test-method is-config="true" signature="setUp()[pri:0, instance:testScripts.LoginPageTest@4b741d6d]" started-at="2024-02-28T17:07:59 IST" name="setUp" finished-at="2024-02-28T17:08:11 IST" duration-ms="12135" status="PASS">
          <reporter-output>
          </reporter-output>
        </test-method> <!-- setUp -->
        <test-method signature="test1(java.lang.String,java.lang.String)[pri:0, instance:testScripts.LoginPageTest@4b741d6d]" started-at="2024-02-28T17:08:12 IST" name="test1" data-provider="test1data" finished-at="2024-02-28T17:08:13 IST" duration-ms="346" status="PASS">
          <params>
            <param index="0">
              <value>
                <![CDATA[jayasricsemec@gmail.com]]>
              </value>
            </param>
            <param index="1">
              <value>
                <![CDATA[Jayasri@28]]>
              </value>
            </param>
          </params>
          <reporter-output>
          </reporter-output>
        </test-method> <!-- test1 -->
      </class> <!-- testScripts.LoginPageTest -->
    </test> <!-- Default test -->
  </suite> <!-- Default suite -->
</testng-results>
